{
  "evidence_origin": "Controlled Simulation; normal benign operator validation",
  "action": "Normal successful console sign-in; Security 4624, LogonType 2, LogonProcessName User32. Incidental input failures and VirtualBox Advapi sessions excluded from selected evidence.",
  "source": "security",
  "result": {
    "local": "PASS",
    "manager": "PASS",
    "indexer_search": "PASS"
  },
  "local": {
    "CollectedUtc": "2026-10-05T19:49:44.3229148Z",
    "Channel": "Security",
    "Provider": "Microsoft-Windows-Security-Auditing",
    "Computer": "SOC-WIN11",
    "EventId": 4624,
    "RecordId": 6609,
    "SystemTime": "2026-10-05T19:46:52.6679989Z"
  },
  "local_event_data": {
    "LogonType": "2",
    "LogonProcessName": "User32 ",
    "AuthenticationPackageName": "Negotiate",
    "KeyLength": "0",
    "ProcessId": "0x69c",
    "ProcessName": "C:\\Windows\\System32\\svchost.exe",
    "IpAddress": "127.0.0.1",
    "IpPort": "0",
    "ImpersonationLevel": "%%1833",
    "RestrictedAdminMode": "-",
    "VirtualAccount": "%%1843",
    "ElevatedToken": "%%1843"
  },
  "agent_id": "001",
  "agent_evidence": "windows-agent-checks.json",
  "agent_collection_basis": "Effective channel subscription + Running service + exact event in manager under agent 001; no per-event agent ACK observed or claimed.",
  "manager": {
    "archive_path": "/var/ossec/logs/archives/archives.json",
    "matched_count": 1,
    "timestamp": "2026-10-05T19:47:52.242+0000",
    "event_id": "1791229672.8555021",
    "agent": {
      "id": "001",
      "name": "SOC-WIN11",
      "ip": "10.10.10.30"
    },
    "location": "EventChannel",
    "system": {
      "providerName": "Microsoft-Windows-Security-Auditing",
      "providerGuid": "{54849625-5478-4994-a5ba-3e3b0328c30d}",
      "eventID": "4624",
      "version": "3",
      "level": "0",
      "task": "12544",
      "opcode": "0",
      "keywords": "0x8020000000000000",
      "systemTime": "2026-10-05T19:46:52.6679989Z",
      "eventRecordID": "6609",
      "processID": "804",
      "threadID": "1092",
      "channel": "Security",
      "computer": "SOC-WIN11",
      "severityValue": "AUDIT_SUCCESS"
    },
    "event_data": {
      "logonType": "2",
      "logonProcessName": "User32",
      "authenticationPackageName": "Negotiate",
      "keyLength": "0",
      "processId": "0x69c",
      "processName": "C:\\\\Windows\\\\System32\\\\svchost.exe",
      "ipAddress": "127.0.0.1",
      "ipPort": "0",
      "impersonationLevel": "%%1833",
      "virtualAccount": "%%1843",
      "elevatedToken": "%%1843"
    }
  },
  "indexer": {
    "searched_utc": "2026-10-05T19:50:28.437804+00:00",
    "pattern": "wazuh-archives-*",
    "matched_count": 1,
    "index": "wazuh-archives-4.x-2026.10.05",
    "document_id": "TFGbDaEBlMjr8RN1w4S5",
    "timestamp": "2026-10-05T19:47:52.242+0000",
    "agent": {
      "ip": "10.10.10.30",
      "name": "SOC-WIN11",
      "id": "001"
    },
    "system": {
      "eventID": "4624",
      "keywords": "0x8020000000000000",
      "providerGuid": "{54849625-5478-4994-a5ba-3e3b0328c30d}",
      "level": "0",
      "channel": "Security",
      "opcode": "0",
      "version": "3",
      "systemTime": "2026-10-05T19:46:52.6679989Z",
      "eventRecordID": "6609",
      "threadID": "1092",
      "computer": "SOC-WIN11",
      "task": "12544",
      "processID": "804",
      "severityValue": "AUDIT_SUCCESS",
      "providerName": "Microsoft-Windows-Security-Auditing"
    },
    "event_data": {
      "impersonationLevel": "%%1833",
      "ipAddress": "127.0.0.1",
      "authenticationPackageName": "Negotiate",
      "logonProcessName": "User32",
      "keyLength": "0",
      "elevatedToken": "%%1843",
      "processId": "0x69c",
      "processName": "C:\\\\Windows\\\\System32\\\\svchost.exe",
      "ipPort": "0",
      "virtualAccount": "%%1843",
      "logonType": "2"
    }
  },
  "identity_fields_exact_match": {
    "channel": "Security",
    "providerName": "Microsoft-Windows-Security-Auditing",
    "computer": "SOC-WIN11",
    "eventID": "4624",
    "eventRecordID": "6609",
    "systemTime": "2026-10-05T19:46:52.6679989Z"
  },
  "query": {
    "size": 10,
    "query": {
      "bool": {
        "filter": [
          {
            "match_phrase": {
              "agent.name": "SOC-WIN11"
            }
          },
          {
            "match_phrase": {
              "agent.id": "001"
            }
          },
          {
            "match_phrase": {
              "data.win.system.channel": "Security"
            }
          },
          {
            "match_phrase": {
              "data.win.system.providerName": "Microsoft-Windows-Security-Auditing"
            }
          },
          {
            "match_phrase": {
              "data.win.system.computer": "SOC-WIN11"
            }
          },
          {
            "match_phrase": {
              "data.win.system.eventID": "4624"
            }
          },
          {
            "match_phrase": {
              "data.win.system.eventRecordID": "6609"
            }
          },
          {
            "match_phrase": {
              "data.win.system.systemTime": "2026-10-05T19:46:52.6679989Z"
            }
          }
        ]
      }
    }
  },
  "event_data_comparison": [
    {
      "local_field": "SubjectUserSid",
      "manager_field": "subjectUserSid",
      "indexer_field": "subjectUserSid",
      "manager_comparison": "MATCH",
      "indexer_comparison": "MATCH"
    },
    {
      "local_field": "SubjectUserName",
      "manager_field": "subjectUserName",
      "indexer_field": "subjectUserName",
      "manager_comparison": "MATCH",
      "indexer_comparison": "MATCH"
    },
    {
      "local_field": "SubjectDomainName",
      "manager_field": "subjectDomainName",
      "indexer_field": "subjectDomainName",
      "manager_comparison": "MATCH",
      "indexer_comparison": "MATCH"
    },
    {
      "local_field": "SubjectLogonId",
      "manager_field": "subjectLogonId",
      "indexer_field": "subjectLogonId",
      "manager_comparison": "MATCH",
      "indexer_comparison": "MATCH"
    },
    {
      "local_field": "TargetUserSid",
      "manager_field": "targetUserSid",
      "indexer_field": "targetUserSid",
      "manager_comparison": "MATCH",
      "indexer_comparison": "MATCH"
    },
    {
      "local_field": "TargetUserName",
      "manager_field": "targetUserName",
      "indexer_field": "targetUserName",
      "manager_comparison": "MATCH",
      "indexer_comparison": "MATCH"
    },
    {
      "local_field": "TargetDomainName",
      "manager_field": "targetDomainName",
      "indexer_field": "targetDomainName",
      "manager_comparison": "MATCH",
      "indexer_comparison": "MATCH"
    },
    {
      "local_field": "TargetLogonId",
      "manager_field": "targetLogonId",
      "indexer_field": "targetLogonId",
      "manager_comparison": "MATCH",
      "indexer_comparison": "MATCH"
    },
    {
      "local_field": "LogonType",
      "manager_field": "logonType",
      "indexer_field": "logonType",
      "manager_comparison": "MATCH",
      "indexer_comparison": "MATCH"
    },
    {
      "local_field": "LogonProcessName",
      "manager_field": "logonProcessName",
      "indexer_field": "logonProcessName",
      "manager_comparison": "DIFFERS",
      "indexer_comparison": "DIFFERS"
    },
    {
      "local_field": "AuthenticationPackageName",
      "manager_field": "authenticationPackageName",
      "indexer_field": "authenticationPackageName",
      "manager_comparison": "MATCH",
      "indexer_comparison": "MATCH"
    },
    {
      "local_field": "WorkstationName",
      "manager_field": "workstationName",
      "indexer_field": "workstationName",
      "manager_comparison": "MATCH",
      "indexer_comparison": "MATCH"
    },
    {
      "local_field": "LogonGuid",
      "manager_field": "logonGuid",
      "indexer_field": "logonGuid",
      "manager_comparison": "MATCH",
      "indexer_comparison": "MATCH"
    },
    {
      "local_field": "TransmittedServices",
      "manager_field": null,
      "indexer_field": null,
      "manager_comparison": "ABSENT",
      "indexer_comparison": "ABSENT"
    },
    {
      "local_field": "LmPackageName",
      "manager_field": null,
      "indexer_field": null,
      "manager_comparison": "ABSENT",
      "indexer_comparison": "ABSENT"
    },
    {
      "local_field": "KeyLength",
      "manager_field": "keyLength",
      "indexer_field": "keyLength",
      "manager_comparison": "MATCH",
      "indexer_comparison": "MATCH"
    },
    {
      "local_field": "ProcessId",
      "manager_field": "processId",
      "indexer_field": "processId",
      "manager_comparison": "MATCH",
      "indexer_comparison": "MATCH"
    },
    {
      "local_field": "ProcessName",
      "manager_field": "processName",
      "indexer_field": "processName",
      "manager_comparison": "DIFFERS",
      "indexer_comparison": "DIFFERS"
    },
    {
      "local_field": "IpAddress",
      "manager_field": "ipAddress",
      "indexer_field": "ipAddress",
      "manager_comparison": "MATCH",
      "indexer_comparison": "MATCH"
    },
    {
      "local_field": "IpPort",
      "manager_field": "ipPort",
      "indexer_field": "ipPort",
      "manager_comparison": "MATCH",
      "indexer_comparison": "MATCH"
    },
    {
      "local_field": "ImpersonationLevel",
      "manager_field": "impersonationLevel",
      "indexer_field": "impersonationLevel",
      "manager_comparison": "MATCH",
      "indexer_comparison": "MATCH"
    },
    {
      "local_field": "RestrictedAdminMode",
      "manager_field": null,
      "indexer_field": null,
      "manager_comparison": "ABSENT",
      "indexer_comparison": "ABSENT"
    },
    {
      "local_field": "RemoteCredentialGuard",
      "manager_field": null,
      "indexer_field": null,
      "manager_comparison": "ABSENT",
      "indexer_comparison": "ABSENT"
    },
    {
      "local_field": "TargetOutboundUserName",
      "manager_field": null,
      "indexer_field": null,
      "manager_comparison": "ABSENT",
      "indexer_comparison": "ABSENT"
    },
    {
      "local_field": "TargetOutboundDomainName",
      "manager_field": null,
      "indexer_field": null,
      "manager_comparison": "ABSENT",
      "indexer_comparison": "ABSENT"
    },
    {
      "local_field": "VirtualAccount",
      "manager_field": "virtualAccount",
      "indexer_field": "virtualAccount",
      "manager_comparison": "MATCH",
      "indexer_comparison": "MATCH"
    },
    {
      "local_field": "TargetLinkedLogonId",
      "manager_field": "targetLinkedLogonId",
      "indexer_field": "targetLinkedLogonId",
      "manager_comparison": "MATCH",
      "indexer_comparison": "MATCH"
    },
    {
      "local_field": "ElevatedToken",
      "manager_field": "elevatedToken",
      "indexer_field": "elevatedToken",
      "manager_comparison": "MATCH",
      "indexer_comparison": "MATCH"
    }
  ],
  "sanitization": "Field allowlist; no full_log/message/raw XML. Usernames, SIDs and unselected values omitted (omitted does not mean absent). Comparison status calculated on private originals before omission; field names normalized for matching only, values compared exactly as strings."
}
