{
  "evidence_origin": "Controlled Simulation; normal benign operator validation",
  "action": "One benign Test-NetConnection to private Wazuh manager 10.10.10.10:1514, from SOC-WIN11 10.10.10.30; genuine Sysmon NetworkConnect event.",
  "source": "sysmon-network",
  "result": {
    "local": "PASS",
    "manager": "PASS",
    "indexer_search": "PASS"
  },
  "local": {
    "CollectedUtc": "2026-10-05T19:55:00.9445323Z",
    "Channel": "Microsoft-Windows-Sysmon/Operational",
    "Provider": "Microsoft-Windows-Sysmon",
    "Computer": "SOC-WIN11",
    "EventId": 3,
    "RecordId": 554,
    "SystemTime": "2026-10-05T19:54:45.8239373Z"
  },
  "local_event_data": {
    "RuleName": "Lab network only",
    "UtcTime": "2026-10-05 19:55:18.187",
    "ProcessGuid": "{36707541-0081-6ac4-9101-000000000700}",
    "ProcessId": "1472",
    "Image": "C:\\Windows\\System32\\WindowsPowerShell\\v1.0\\powershell.exe",
    "Protocol": "tcp",
    "Initiated": "true",
    "SourceIsIpv6": "false",
    "SourceIp": "10.10.10.30",
    "SourcePort": "49672",
    "DestinationIsIpv6": "false",
    "DestinationIp": "10.10.10.10",
    "DestinationPort": "1514",
    "DestinationPortName": "-"
  },
  "agent_id": "001",
  "agent_evidence": "windows-agent-checks.json",
  "agent_collection_basis": "Effective channel subscription + Running service + exact event in manager under agent 001; no per-event agent ACK observed or claimed.",
  "manager": {
    "archive_path": "/var/ossec/logs/archives/archives.json",
    "matched_count": 1,
    "timestamp": "2026-10-05T19:55:13.738+0000",
    "event_id": "1791230113.9798755",
    "agent": {
      "id": "001",
      "name": "SOC-WIN11",
      "ip": "10.10.10.30"
    },
    "location": "EventChannel",
    "system": {
      "providerName": "Microsoft-Windows-Sysmon",
      "providerGuid": "{5770385f-c22a-43e0-bf4c-06f5698ffbd9}",
      "eventID": "3",
      "version": "5",
      "level": "4",
      "task": "3",
      "opcode": "0",
      "keywords": "0x8000000000000000",
      "systemTime": "2026-10-05T19:54:45.8239373Z",
      "eventRecordID": "554",
      "processID": "3696",
      "threadID": "4076",
      "channel": "Microsoft-Windows-Sysmon/Operational",
      "computer": "SOC-WIN11",
      "severityValue": "INFORMATION"
    },
    "event_data": {
      "ruleName": "Lab network only",
      "utcTime": "2026-10-05 19:55:18.187",
      "processGuid": "{36707541-0081-6ac4-9101-000000000700}",
      "processId": "1472",
      "image": "C:\\\\Windows\\\\System32\\\\WindowsPowerShell\\\\v1.0\\\\powershell.exe",
      "protocol": "tcp",
      "initiated": "true",
      "sourceIsIpv6": "false",
      "sourceIp": "10.10.10.30",
      "sourcePort": "49672",
      "destinationIsIpv6": "false",
      "destinationIp": "10.10.10.10",
      "destinationPort": "1514"
    }
  },
  "indexer": {
    "searched_utc": "2026-10-05T19:55:59.466960+00:00",
    "pattern": "wazuh-archives-*",
    "matched_count": 1,
    "index": "wazuh-archives-4.x-2026.10.05",
    "document_id": "fVGiDaEBlMjr8RN1fJNi",
    "timestamp": "2026-10-05T19:55:13.738+0000",
    "agent": {
      "ip": "10.10.10.30",
      "name": "SOC-WIN11",
      "id": "001"
    },
    "system": {
      "eventID": "3",
      "keywords": "0x8000000000000000",
      "providerGuid": "{5770385f-c22a-43e0-bf4c-06f5698ffbd9}",
      "level": "4",
      "channel": "Microsoft-Windows-Sysmon/Operational",
      "opcode": "0",
      "version": "5",
      "systemTime": "2026-10-05T19:54:45.8239373Z",
      "eventRecordID": "554",
      "threadID": "4076",
      "computer": "SOC-WIN11",
      "task": "3",
      "processID": "3696",
      "severityValue": "INFORMATION",
      "providerName": "Microsoft-Windows-Sysmon"
    },
    "event_data": {
      "destinationPort": "1514",
      "image": "C:\\\\Windows\\\\System32\\\\WindowsPowerShell\\\\v1.0\\\\powershell.exe",
      "sourcePort": "49672",
      "initiated": "true",
      "destinationIp": "10.10.10.10",
      "protocol": "tcp",
      "processGuid": "{36707541-0081-6ac4-9101-000000000700}",
      "sourceIp": "10.10.10.30",
      "processId": "1472",
      "utcTime": "2026-10-05 19:55:18.187",
      "ruleName": "Lab network only",
      "destinationIsIpv6": "false",
      "sourceIsIpv6": "false"
    }
  },
  "identity_fields_exact_match": {
    "channel": "Microsoft-Windows-Sysmon/Operational",
    "providerName": "Microsoft-Windows-Sysmon",
    "computer": "SOC-WIN11",
    "eventID": "3",
    "eventRecordID": "554",
    "systemTime": "2026-10-05T19:54:45.8239373Z"
  },
  "query": {
    "size": 10,
    "query": {
      "bool": {
        "filter": [
          {
            "match_phrase": {
              "agent.name": "SOC-WIN11"
            }
          },
          {
            "match_phrase": {
              "agent.id": "001"
            }
          },
          {
            "match_phrase": {
              "data.win.system.channel": "Microsoft-Windows-Sysmon/Operational"
            }
          },
          {
            "match_phrase": {
              "data.win.system.providerName": "Microsoft-Windows-Sysmon"
            }
          },
          {
            "match_phrase": {
              "data.win.system.computer": "SOC-WIN11"
            }
          },
          {
            "match_phrase": {
              "data.win.system.eventID": "3"
            }
          },
          {
            "match_phrase": {
              "data.win.system.eventRecordID": "554"
            }
          },
          {
            "match_phrase": {
              "data.win.system.systemTime": "2026-10-05T19:54:45.8239373Z"
            }
          }
        ]
      }
    }
  },
  "event_data_comparison": [
    {
      "local_field": "RuleName",
      "manager_field": "ruleName",
      "indexer_field": "ruleName",
      "manager_comparison": "MATCH",
      "indexer_comparison": "MATCH"
    },
    {
      "local_field": "UtcTime",
      "manager_field": "utcTime",
      "indexer_field": "utcTime",
      "manager_comparison": "MATCH",
      "indexer_comparison": "MATCH"
    },
    {
      "local_field": "ProcessGuid",
      "manager_field": "processGuid",
      "indexer_field": "processGuid",
      "manager_comparison": "MATCH",
      "indexer_comparison": "MATCH"
    },
    {
      "local_field": "ProcessId",
      "manager_field": "processId",
      "indexer_field": "processId",
      "manager_comparison": "MATCH",
      "indexer_comparison": "MATCH"
    },
    {
      "local_field": "Image",
      "manager_field": "image",
      "indexer_field": "image",
      "manager_comparison": "DIFFERS",
      "indexer_comparison": "DIFFERS"
    },
    {
      "local_field": "User",
      "manager_field": "user",
      "indexer_field": "user",
      "manager_comparison": "DIFFERS",
      "indexer_comparison": "DIFFERS"
    },
    {
      "local_field": "Protocol",
      "manager_field": "protocol",
      "indexer_field": "protocol",
      "manager_comparison": "MATCH",
      "indexer_comparison": "MATCH"
    },
    {
      "local_field": "Initiated",
      "manager_field": "initiated",
      "indexer_field": "initiated",
      "manager_comparison": "MATCH",
      "indexer_comparison": "MATCH"
    },
    {
      "local_field": "SourceIsIpv6",
      "manager_field": "sourceIsIpv6",
      "indexer_field": "sourceIsIpv6",
      "manager_comparison": "MATCH",
      "indexer_comparison": "MATCH"
    },
    {
      "local_field": "SourceIp",
      "manager_field": "sourceIp",
      "indexer_field": "sourceIp",
      "manager_comparison": "MATCH",
      "indexer_comparison": "MATCH"
    },
    {
      "local_field": "SourceHostname",
      "manager_field": null,
      "indexer_field": null,
      "manager_comparison": "ABSENT",
      "indexer_comparison": "ABSENT"
    },
    {
      "local_field": "SourcePort",
      "manager_field": "sourcePort",
      "indexer_field": "sourcePort",
      "manager_comparison": "MATCH",
      "indexer_comparison": "MATCH"
    },
    {
      "local_field": "SourcePortName",
      "manager_field": null,
      "indexer_field": null,
      "manager_comparison": "ABSENT",
      "indexer_comparison": "ABSENT"
    },
    {
      "local_field": "DestinationIsIpv6",
      "manager_field": "destinationIsIpv6",
      "indexer_field": "destinationIsIpv6",
      "manager_comparison": "MATCH",
      "indexer_comparison": "MATCH"
    },
    {
      "local_field": "DestinationIp",
      "manager_field": "destinationIp",
      "indexer_field": "destinationIp",
      "manager_comparison": "MATCH",
      "indexer_comparison": "MATCH"
    },
    {
      "local_field": "DestinationHostname",
      "manager_field": null,
      "indexer_field": null,
      "manager_comparison": "ABSENT",
      "indexer_comparison": "ABSENT"
    },
    {
      "local_field": "DestinationPort",
      "manager_field": "destinationPort",
      "indexer_field": "destinationPort",
      "manager_comparison": "MATCH",
      "indexer_comparison": "MATCH"
    },
    {
      "local_field": "DestinationPortName",
      "manager_field": null,
      "indexer_field": null,
      "manager_comparison": "ABSENT",
      "indexer_comparison": "ABSENT"
    }
  ],
  "sanitization": "Field allowlist; no full_log/message/raw XML. Usernames, SIDs and unselected values omitted (omitted does not mean absent). Comparison status calculated on private originals before omission; field names normalized for matching only, values compared exactly as strings."
}
